[INFO   ] Logger: Record log in /storage/emulated/0/Coding/Dapp/Teste2/.kivy/logs/kivy_22-11-08_7.txt
[INFO   ] Kivy: v2.0.0
[INFO   ] Kivy: Installed at "/data/user/0/ru.iiec.pydroid3/files/aarch64-linux-android/lib/python3.9/site-packages/kivy/__init__.py"
[INFO   ] Python: v3.9.7 (default, Oct  6 2021, 01:34:26) 
[GCC 11.1.0]
[INFO   ] Python: Interpreter at "/data/user/0/ru.iiec.pydroid3/files/aarch64-linux-android/bin/python3"
[INFO   ] Logger: Purge log fired. Analysing...
[INFO   ] Logger: Purge 53 log files
[INFO   ] Logger: Purge finished!
[INFO   ] Factory: 186 symbols loaded
[INFO   ] Image: Providers: img_tex, img_dds, img_sdl2 (img_pil, img_ffpyplayer ignored)
[INFO   ] Window: Provider: sdl2
[INFO   ] GL: Using the "OpenGL ES 2" graphics system
[INFO   ] GL: Backend used <sdl2>
[INFO   ] GL: OpenGL version <b'OpenGL ES 3.2 v1.r32p0-01eac0.e3df0f654f17ebe74d62b5bf4e69a516'>
[INFO   ] GL: OpenGL vendor <b'ARM'>
[INFO   ] GL: OpenGL renderer <b'Mali-G57'>
[INFO   ] GL: OpenGL parsed version: 3, 2
[INFO   ] GL: Texture max size <16383>
[INFO   ] GL: Texture max units <128>
[INFO   ] Window: auto add sdl2 input provider
[INFO   ] Window: virtual keyboard not allowed, single mode, not docked
[INFO   ] Text: Provider: sdl2
[WARNING] Base: Unknown <android> provider
[INFO   ] Base: Start application main loop
[INFO   ] GL: NPOT texture support is available
[INFO   ] Base: Leaving application in progress...
[WARNING] stderr: Traceback (most recent call last):
[WARNING] stderr:   File "kivy/properties.pyx", line 861, in kivy.properties.ObservableDict.__getattr__
[WARNING] stderr: KeyError: 'fases'
[WARNING] stderr: 
[WARNING] stderr: During handling of the above exception, another exception occurred:
[WARNING] stderr: 
[WARNING] stderr: Traceback (most recent call last):
[WARNING] stderr:   File "/storage/emulated/0/Coding/Dapp/Teste2/Main.py", line 109, in <module>
[WARNING] stderr:     Dapp().run()
[WARNING] stderr:   File "/data/user/0/ru.iiec.pydroid3/files/aarch64-linux-android/lib/python3.9/site-packages/kivy/app.py", line 950, in run
[WARNING] stderr:     runTouchApp()
[WARNING] stderr:   File "/data/user/0/ru.iiec.pydroid3/files/aarch64-linux-android/lib/python3.9/site-packages/kivy/base.py", line 582, in runTouchApp
[WARNING] stderr:     EventLoop.mainloop()
[WARNING] stderr:   File "/data/user/0/ru.iiec.pydroid3/files/aarch64-linux-android/lib/python3.9/site-packages/kivy/base.py", line 347, in mainloop
[WARNING] stderr:     self.idle()
[WARNING] stderr:   File "/data/user/0/ru.iiec.pydroid3/files/aarch64-linux-android/lib/python3.9/site-packages/kivy/base.py", line 391, in idle
[WARNING] stderr:     self.dispatch_input()
[WARNING] stderr:   File "/data/user/0/ru.iiec.pydroid3/files/aarch64-linux-android/lib/python3.9/site-packages/kivy/base.py", line 342, in dispatch_input
[WARNING] stderr:     post_dispatch_input(*pop(0))
[WARNING] stderr:   File "/data/user/0/ru.iiec.pydroid3/files/aarch64-linux-android/lib/python3.9/site-packages/kivy/base.py", line 248, in post_dispatch_input
[WARNING] stderr:     listener.dispatch('on_motion', etype, me)
[WARNING] stderr:   File "kivy/_event.pyx", line 709, in kivy._event.EventDispatcher.dispatch
[WARNING] stderr:   File "/data/user/0/ru.iiec.pydroid3/files/aarch64-linux-android/lib/python3.9/site-packages/kivy/core/window/__init__.py", line 1412, in on_motion
[WARNING] stderr:     self.dispatch('on_touch_down', me)
[WARNING] stderr:   File "kivy/_event.pyx", line 709, in kivy._event.EventDispatcher.dispatch
[WARNING] stderr:   File "/data/user/0/ru.iiec.pydroid3/files/aarch64-linux-android/lib/python3.9/site-packages/kivy/core/window/__init__.py", line 1428, in on_touch_down
[WARNING] stderr:     if w.dispatch('on_touch_down', touch):
[WARNING] stderr:   File "kivy/_event.pyx", line 709, in kivy._event.EventDispatcher.dispatch
[WARNING] stderr:   File "/data/user/0/ru.iiec.pydroid3/files/aarch64-linux-android/lib/python3.9/site-packages/kivy/uix/screenmanager.py", line 1198, in on_touch_down
[WARNING] stderr:     return super(ScreenManager, self).on_touch_down(touch)
[WARNING] stderr:   File "/data/user/0/ru.iiec.pydroid3/files/aarch64-linux-android/lib/python3.9/site-packages/kivy/uix/widget.py", line 545, in on_touch_down
[WARNING] stderr:     if child.dispatch('on_touch_down', touch):
[WARNING] stderr:   File "kivy/_event.pyx", line 709, in kivy._event.EventDispatcher.dispatch
[WARNING] stderr:   File "/data/user/0/ru.iiec.pydroid3/files/aarch64-linux-android/lib/python3.9/site-packages/kivy/uix/relativelayout.py", line 297, in on_touch_down
[WARNING] stderr:     ret = super(RelativeLayout, self).on_touch_down(touch)
[WARNING] stderr:   File "/data/user/0/ru.iiec.pydroid3/files/aarch64-linux-android/lib/python3.9/site-packages/kivy/uix/widget.py", line 545, in on_touch_down
[WARNING] stderr:     if child.dispatch('on_touch_down', touch):
[WARNING] stderr:   File "kivy/_event.pyx", line 709, in kivy._event.EventDispatcher.dispatch
[WARNING] stderr:   File "/data/user/0/ru.iiec.pydroid3/files/aarch64-linux-android/lib/python3.9/site-packages/kivy/uix/widget.py", line 545, in on_touch_down
[WARNING] stderr:     if child.dispatch('on_touch_down', touch):
[WARNING] stderr:   File "kivy/_event.pyx", line 709, in kivy._event.EventDispatcher.dispatch
[WARNING] stderr:   File "/data/user/0/ru.iiec.pydroid3/files/aarch64-linux-android/lib/python3.9/site-packages/kivy/uix/widget.py", line 545, in on_touch_down
[WARNING] stderr:     if child.dispatch('on_touch_down', touch):
[WARNING] stderr:   File "kivy/_event.pyx", line 709, in kivy._event.EventDispatcher.dispatch
[WARNING] stderr:   File "/data/user/0/ru.iiec.pydroid3/files/aarch64-linux-android/lib/python3.9/site-packages/kivy/uix/behaviors/button.py", line 150, in on_touch_down
[WARNING] stderr:     self._do_press()
[WARNING] stderr:   File "/data/user/0/ru.iiec.pydroid3/files/aarch64-linux-android/lib/python3.9/site-packages/kivy/uix/behaviors/togglebutton.py", line 118, in _do_press
[WARNING] stderr:     self.state = 'normal' if self.state == 'down' else 'down'
[WARNING] stderr:   File "kivy/properties.pyx", line 498, in kivy.properties.Property.__set__
[WARNING] stderr:   File "kivy/properties.pyx", line 545, in kivy.properties.Property.set
[WARNING] stderr:   File "kivy/properties.pyx", line 600, in kivy.properties.Property.dispatch
[WARNING] stderr:   File "kivy/_event.pyx", line 1248, in kivy._event.EventObservers.dispatch
[WARNING] stderr:   File "kivy/_event.pyx", line 1154, in kivy._event.EventObservers._dispatch
[WARNING] stderr:   File "kivy/properties.pyx", line 1504, in kivy.properties.AliasProperty.trigger_change
[WARNING] stderr:   File "kivy/properties.pyx", line 1511, in kivy.properties.AliasProperty.trigger_change
[WARNING] stderr:   File "kivy/properties.pyx", line 1538, in kivy.properties.AliasProperty.dispatch
[WARNING] stderr:   File "kivy/_event.pyx", line 1248, in kivy._event.EventObservers.dispatch
[WARNING] stderr:   File "kivy/_event.pyx", line 1130, in kivy._event.EventObservers._dispatch
[WARNING] stderr:   File "/data/user/0/ru.iiec.pydroid3/files/aarch64-linux-android/lib/python3.9/site-packages/kivy/lang/builder.py", line 57, in custom_callback
[WARNING] stderr:     exec(__kvlang__.co_value, idmap)
[WARNING] stderr:   File "/storage/emulated/0/Coding/Dapp/Teste2/Main.kv", line 68, in <module>
[WARNING] stderr:     on_active: app.root.ids.fases.text = 'Em Manutencao...'
[WARNING] stderr:   File "kivy/properties.pyx", line 864, in kivy.properties.ObservableDict.__getattr__
[WARNING] stderr: AttributeError: 'super' object has no attribute '__getattr__'
